[06:11:22] This is prokka 1.14.6
[06:11:22] Written by Torsten Seemann <torsten.seemann@gmail.com>
[06:11:22] Homepage is https://github.com/tseemann/prokka
[06:11:22] Local time is Fri Jan 21 06:11:22 2022
[06:11:22] You are not telling me who you are!
[06:11:22] Operating system is linux
[06:11:22] You have BioPerl 1.007002
[06:11:22] System has 24 cores.
[06:11:22] Will use maximum of 6 cores.
[06:11:22] Annotating as >>> Bacteria <<<
[06:11:22] Generating locus_tag from 'GCF_000165575.1_ASM16557v1_genomic.fna' contents.
[06:11:22] Setting --locustag HOLGGCEK from MD5 18500ce4cd65e8e31cabd69d3cf08bc8
[06:11:22] Creating new output folder: annotation
[06:11:22] Running: mkdir -p annotation
[06:11:22] Using filename prefix: GCF_000165575.1.XXX
[06:11:22] Setting HMMER_NCPU=1
[06:11:22] Writing log to: annotation/GCF_000165575.1.log
[06:11:22] Command: /opt/conda/envs/PERL_env/bin/prokka --outdir annotation --cpus 6 --mincontiglen 200 --prefix GCF_000165575.1 --genus  --species  --strain GCF_000165575.1 GCF_000165575.1_ASM16557v1_genomic.fna
[06:11:22] Appending to PATH: /opt/conda/envs/PERL_env/bin
[06:11:22] Looking for 'aragorn' - found /opt/conda/envs/PERL_env/bin/aragorn
[06:11:22] Determined aragorn version is 001002 from 'ARAGORN v1.2.38 Dean Laslett'
[06:11:22] Looking for 'barrnap' - found /opt/conda/envs/PERL_env/bin/barrnap
[06:11:23] Determined barrnap version is 000009 from 'barrnap 0.9'
[06:11:23] Looking for 'blastp' - found /opt/conda/envs/PERL_env/bin/blastp
[06:11:27] Determined blastp version is 002010 from 'blastp: 2.10.1+'
[06:11:27] Looking for 'cmpress' - found /opt/conda/envs/PERL_env/bin/cmpress
[06:11:27] Determined cmpress version is 001001 from '# INFERNAL 1.1.4 (Dec 2020)'
[06:11:27] Looking for 'cmscan' - found /opt/conda/envs/PERL_env/bin/cmscan
[06:11:28] Determined cmscan version is 001001 from '# INFERNAL 1.1.4 (Dec 2020)'
[06:11:28] Looking for 'egrep' - found /bin/egrep
[06:11:28] Looking for 'find' - found /usr/bin/find
[06:11:28] Looking for 'grep' - found /bin/grep
[06:11:28] Looking for 'hmmpress' - found /opt/conda/envs/PERL_env/bin/hmmpress
[06:11:28] Determined hmmpress version is 003003 from '# HMMER 3.3.2 (Nov 2020); http://hmmer.org/'
[06:11:28] Looking for 'hmmscan' - found /opt/conda/envs/PERL_env/bin/hmmscan
[06:11:28] Determined hmmscan version is 003003 from '# HMMER 3.3.2 (Nov 2020); http://hmmer.org/'
[06:11:28] Looking for 'java' - found /opt/conda/envs/PERL_env/bin/java
[06:11:28] Looking for 'makeblastdb' - found /opt/conda/envs/PERL_env/bin/makeblastdb
[06:11:28] Determined makeblastdb version is 002010 from 'makeblastdb: 2.10.1+'
[06:11:28] Looking for 'minced' - found /opt/conda/envs/PERL_env/bin/minced
[06:11:31] Determined minced version is 004002 from 'minced 0.4.2'
[06:11:31] Looking for 'parallel' - found /opt/conda/envs/PERL_env/bin/parallel
[06:11:32] Determined parallel version is 20210822 from 'GNU parallel 20210822'
[06:11:32] Looking for 'prodigal' - found /opt/conda/envs/PERL_env/bin/prodigal
[06:11:32] Determined prodigal version is 002006 from 'Prodigal V2.6.3: February, 2016'
[06:11:32] Looking for 'prokka-genbank_to_fasta_db' - found /opt/conda/envs/PERL_env/bin/prokka-genbank_to_fasta_db
[06:11:32] Looking for 'sed' - found /bin/sed
[06:11:32] Looking for 'tbl2asn' - found /opt/conda/envs/PERL_env/bin/tbl2asn
[06:11:33] Determined tbl2asn version is 025007 from 'tbl2asn 25.7   arguments:'
[06:11:33] Using genetic code table 11.
[06:11:33] Loading and checking input file: GCF_000165575.1_ASM16557v1_genomic.fna
[06:11:33] Wrote 1 contigs totalling 1819370 bp.
[06:11:33] Predicting tRNAs and tmRNAs
[06:11:33] Running: aragorn -l -gc11  -w annotation\/GCF_000165575\.1\.fna
[06:11:34] 1 tRNA-Leu c[134221,134306] 35 (gag)
[06:11:34] 2 tRNA-Lys [199029,199104] 34 (ttt)
[06:11:34] 3 tRNA-Lys [199128,199203] 34 (ctt)
[06:11:34] 4 tRNA-Ser [251008,251097] 35 (tga)
[06:11:34] 5 tRNA-Val c[297507,297582] 34 (tac)
[06:11:34] 6 tRNA-Val c[297635,297710] 34 (tac)
[06:11:34] 7 tRNA-Val c[297769,297844] 34 (tac)
[06:11:34] 8 tRNA-Val c[297888,297963] 34 (tac)
[06:11:34] 9 tRNA-Ala [299657,299732] 34 (ggc)
[06:11:34] 10 tRNA-Ser [319128,319217] 35 (gga)
[06:11:34] 11 tRNA-Glu [373884,373959] 35 (ttc)
[06:11:34] 12 tRNA-Asp [377782,377858] 35 (gtc)
[06:11:34] 13 tRNA-Trp [377887,377962] 34 (cca)
[06:11:34] 14 tRNA-Pro [389473,389549] 35 (tgg)
[06:11:34] 15 tRNA-Arg [389597,389673] 35 (tct)
[06:11:34] 16 tRNA-Glu [407148,407223] 35 (ttc)
[06:11:34] 17 tRNA-Asp [502086,502162] 35 (gtc)
[06:11:34] 18 tRNA-Asp [502186,502262] 35 (gtc)
[06:11:34] 19 tRNA-Lys c[510296,510371] 34 (ttt)
[06:11:34] 20 tRNA-Leu c[510422,510508] 35 (taa)
[06:11:34] 21 tRNA-Gly c[510513,510588] 34 (gcc)
[06:11:34] 22 tRNA-Met [518539,518615] 35 (cat)
[06:11:34] 23 tRNA-Arg [521030,521106] 35 (ccg)
[06:11:34] 24 tRNA-His [521133,521208] 34 (gtg)
[06:11:34] 25 tRNA-Pro [521230,521306] 35 (tgg)
[06:11:34] 26 tRNA-Ile [523103,523179] 35 (gat)
[06:11:34] 27 tRNA-Ala [523265,523340] 34 (tgc)
[06:11:34] 28 tRNA-Lys c[564888,564963] 34 (ttt)
[06:11:34] 29 tRNA-Leu c[565014,565100] 35 (taa)
[06:11:34] 30 tRNA-Cys c[565128,565201] 33 (gca)
[06:11:34] 31 tRNA-Gly c[565208,565283] 34 (gcc)
[06:11:34] 32 tRNA-Ser c[608920,609009] 35 (tga)
[06:11:34] 33 tRNA-Ile [665829,665905] 35 (gat)
[06:11:34] 34 tRNA-Ala [665991,666066] 34 (tgc)
[06:11:34] 35 tRNA-Gly c[690305,690380] 34 (gcc)
[06:11:34] 36 tRNA-Asn [810326,810401] 34 (gtt)
[06:11:34] 37 tmRNA c[842417,842782] 92,127 ANDEQYALAA**
[06:11:34] 38 tRNA-Met [843211,843287] 35 (cat)
[06:11:34] 39 tRNA-Leu c[956163,956248] 35 (caa)
[06:11:34] 40 tRNA-Val c[1092758,1092834] 35 (gac)
[06:11:34] 41 tRNA-Gln c[1159943,1160017] 33 (ttg)
[06:11:34] 42 tRNA-Gln c[1160065,1160139] 33 (ttg)
[06:11:34] 43 tRNA-Leu c[1160168,1160252] 35 (tag)
[06:11:34] 44 tRNA-Met c[1160258,1160334] 35 (cat)
[06:11:34] 45 tRNA-Met [1463134,1463210] 35 (cat)
[06:11:34] 46 tRNA-Asn c[1626450,1626525] 34 (gtt)
[06:11:34] 47 tRNA-Phe c[1626528,1626603] 34 (gaa)
[06:11:34] 48 tRNA-Ala c[1678202,1678277] 34 (tgc)
[06:11:34] 49 tRNA-Ile c[1678363,1678439] 35 (gat)
[06:11:34] 50 tRNA-SeC [1697352,1697447] 36 (tca)
[06:11:34] 51 tRNA-Ser [1774261,1774355] 36 (gct)
[06:11:34] 52 tRNA-Arg [1774376,1774452] 35 (acg)
[06:11:34] 53 tRNA-Arg [1774510,1774586] 35 (acg)
[06:11:34] 54 tRNA-Thr c[1784624,1784699] 34 (ggt)
[06:11:34] 55 tRNA-Gly c[1784703,1784777] 34 (tcc)
[06:11:34] 56 tRNA-Tyr c[1784820,1784904] 35 (gta)
[06:11:34] 57 tRNA-Thr c[1784934,1785009] 34 (tgt)
[06:11:34] 58 tRNA-Glu c[1799283,1799358] 35 (ttc)
[06:11:34] Found 58 tRNAs
[06:11:34] Predicting Ribosomal RNAs
[06:11:34] Running Barrnap with 6 threads
[06:11:47] 1 NC_017452.1 372216 16S ribosomal RNA
[06:11:47] 2 NC_017452.1 374232 23S ribosomal RNA
[06:11:47] 3 NC_017452.1 377492 5S ribosomal RNA
[06:11:47] 4 NC_017452.1 377659 5S ribosomal RNA
[06:11:47] 5 NC_017452.1 405480 16S ribosomal RNA
[06:11:47] 6 NC_017452.1 407496 23S ribosomal RNA
[06:11:47] 7 NC_017452.1 410756 5S ribosomal RNA
[06:11:47] 8 NC_017452.1 521487 16S ribosomal RNA
[06:11:47] 9 NC_017452.1 523748 23S ribosomal RNA
[06:11:47] 10 NC_017452.1 527088 5S ribosomal RNA
[06:11:47] 11 NC_017452.1 664213 16S ribosomal RNA
[06:11:47] 12 NC_017452.1 666474 23S ribosomal RNA
[06:11:47] 13 NC_017452.1 669814 5S ribosomal RNA
[06:11:47] 14 NC_017452.1 1674345 5S ribosomal RNA
[06:11:47] 15 NC_017452.1 1674685 23S ribosomal RNA
[06:11:47] 16 NC_017452.1 1678520 16S ribosomal RNA
[06:11:47] 17 NC_017452.1 1795658 5S ribosomal RNA
[06:11:47] 18 NC_017452.1 1796014 23S ribosomal RNA
[06:11:47] 19 NC_017452.1 1799491 16S ribosomal RNA
[06:11:47] Found 19 rRNAs
[06:11:47] Skipping ncRNA search, enable with --rfam if desired.
[06:11:47] Total of 76 tRNA + rRNA features
[06:11:47] Searching for CRISPR repeats
[06:11:48] Found 0 CRISPRs
[06:11:48] Predicting coding sequences
[06:11:48] Contigs total 1819370 bp, so using single mode
[06:11:48] Running: prodigal -i annotation\/GCF_000165575\.1\.fna -c -m -g 11 -p single -f sco -q
[06:11:54] Excluding CDS which overlaps existing RNA (rRNA) at NC_017452.1:376763..377197 on - strand
[06:11:54] Excluding CDS which overlaps existing RNA (rRNA) at NC_017452.1:410027..410461 on - strand
[06:11:54] Excluding CDS which overlaps existing RNA (tRNA) at NC_017452.1:510235..510360 on + strand
[06:11:54] Excluding CDS which overlaps existing RNA (rRNA) at NC_017452.1:526279..526713 on - strand
[06:11:54] Excluding CDS which overlaps existing RNA (rRNA) at NC_017452.1:669005..669439 on - strand
[06:11:56] Excluding CDS which overlaps existing RNA (rRNA) at NC_017452.1:1674829..1675263 on + strand
[06:11:56] Excluding CDS which overlaps existing RNA (rRNA) at NC_017452.1:1796158..1796592 on + strand
[06:11:56] Found 1695 CDS
[06:11:56] Connecting features back to sequences
[06:11:56] Not using genus-specific database. Try --usegenus to enable it.
[06:11:56] Annotating CDS, please be patient.
[06:11:56] Will use 6 CPUs for similarity searching.
[06:11:57] There are still 1695 unannotated CDS left (started with 1695)
[06:11:57] Will use blast to search against /opt/conda/envs/PERL_env/db/kingdom/Bacteria/IS with 6 CPUs
[06:11:57] Running: cat annotation\/GCF_000165575\.1\.IS\.tmp\.623\.faa | parallel --gnu --plain -j 6 --block 45195 --recstart '>' --pipe blastp -query - -db /opt/conda/envs/PERL_env/db/kingdom/Bacteria/IS -evalue 1e-30 -qcov_hsp_perc 90 -num_threads 1 -num_descriptions 1 -num_alignments 1 -seg no > annotation\/GCF_000165575\.1\.IS\.tmp\.623\.blast 2> /dev/null
[06:13:01] Deleting unwanted file: annotation/GCF_000165575.1.IS.tmp.623.faa
[06:13:01] Deleting unwanted file: annotation/GCF_000165575.1.IS.tmp.623.blast
[06:13:02] There are still 1694 unannotated CDS left (started with 1695)
[06:13:02] Will use blast to search against /opt/conda/envs/PERL_env/db/kingdom/Bacteria/AMR with 6 CPUs
[06:13:02] Running: cat annotation\/GCF_000165575\.1\.AMR\.tmp\.623\.faa | parallel --gnu --plain -j 6 --block 45186 --recstart '>' --pipe blastp -query - -db /opt/conda/envs/PERL_env/db/kingdom/Bacteria/AMR -evalue 9.99999999999999e-301 -qcov_hsp_perc 90 -num_threads 1 -num_descriptions 1 -num_alignments 1 -seg no > annotation\/GCF_000165575\.1\.AMR\.tmp\.623\.blast 2> /dev/null
[06:14:01] Deleting unwanted file: annotation/GCF_000165575.1.AMR.tmp.623.faa
[06:14:01] Deleting unwanted file: annotation/GCF_000165575.1.AMR.tmp.623.blast
[06:14:02] There are still 1694 unannotated CDS left (started with 1695)
[06:14:02] Will use blast to search against /opt/conda/envs/PERL_env/db/kingdom/Bacteria/sprot with 6 CPUs
[06:14:02] Running: cat annotation\/GCF_000165575\.1\.sprot\.tmp\.623\.faa | parallel --gnu --plain -j 6 --block 45186 --recstart '>' --pipe blastp -query - -db /opt/conda/envs/PERL_env/db/kingdom/Bacteria/sprot -evalue 1e-09 -qcov_hsp_perc 80 -num_threads 1 -num_descriptions 1 -num_alignments 1 -seg no > annotation\/GCF_000165575\.1\.sprot\.tmp\.623\.blast 2> /dev/null
[06:19:28] Modify product: UPF0225 protein YchJ => hypothetical protein
[06:19:28] Modify product: UPF0761 membrane protein YihY => hypothetical protein
[06:19:28] Modify product: Probable glycerol-3-phosphate acyltransferase => putative glycerol-3-phosphate acyltransferase
[06:19:28] Modify product: Outer membrane protein assembly factor BamC homolog => Outer membrane protein assembly factor BamC 
[06:19:28] Modify product: Uncharacterized protein HI_0246 => putative protein
[06:19:28] Modify product: Uncharacterized protein YfgD => putative protein YfgD
[06:19:28] Modify product: Lipoprotein NlpI homolog => Lipoprotein NlpI 
[06:19:28] Modify product: Uncharacterized protein HI_0227 => putative protein
[06:19:28] Modify product: Shikimate dehydrogenase-like protein HI_0607 => Shikimate dehydrogenase-like protein
[06:19:28] Modify product: Bifunctional protein FolD => Bifunctional protein FolD protein
[06:19:28] Modify product: Uncharacterized HTH-type transcriptional regulator YdjF => putative HTH-type transcriptional regulator YdjF
[06:19:28] Modify product: Probable D-methionine-binding lipoprotein MetQ => putative D-methionine-binding lipoprotein MetQ
[06:19:28] Modify product: Uncharacterized protein HI_0205 => putative protein
[06:19:28] Modify product: Probable membrane transporter protein YfcA => putative membrane transporter protein YfcA
[06:19:28] Modify product: Uncharacterized MscS family protein HI_0195.1 => putative MscS family protein.1
[06:19:28] Modify product: UPF0250 protein HI_0028 => hypothetical protein
[06:19:28] Modify product: Putative phosphatase HI_0003 => Putative phosphatase
[06:19:28] Modify product: UPF0231 protein YacL => hypothetical protein
[06:19:28] Modify product: Uncharacterized protein HI_1709 => putative protein
[06:19:28] Modify product: Probable protease SohB => putative protease SohB
[06:19:28] Modify product: UPF0319 protein HI_1681 => hypothetical protein
[06:19:28] Modify product: Uncharacterized protein HI_1672 => putative protein
[06:19:28] Modify product: Uncharacterized metal-dependent hydrolase YcfH => putative metal-dependent hydrolase YcfH
[06:19:28] Modify product: Uncharacterized protein HI_0431 => putative protein
[06:19:28] Modify product: Uncharacterized tRNA/rRNA methyltransferase YfiF => putative tRNA/rRNA methyltransferase YfiF
[06:19:28] Modify product: 23S rRNA 5-hydroxycytidine C2501 synthase => 23S rRNA 5-hydroxycytidine synthase
[06:19:28] Modify product: UPF0381 protein YiiS => hypothetical protein
[06:19:28] Modify product: Probable ribosomal oxygenase HI_0396 => putative ribosomal oxygenase
[06:19:28] Modify product: UPF0125 protein HI_0395 => hypothetical protein
[06:19:28] Modify product: Probable ATP-dependent DNA helicase YoaA => putative ATP-dependent DNA helicase YoaA
[06:19:28] Modify product: Uncharacterized tRNA/rRNA methyltransferase HI_0380 => putative tRNA/rRNA methyltransferase
[06:19:28] Modify product: Co-chaperone protein HscB homolog => Co-chaperone protein HscB 
[06:19:28] Modify product: UPF0070 protein HI_0370 => hypothetical protein
[06:19:28] Modify product: Uncharacterized periplasmic iron-binding protein HI_0362 => putative periplasmic iron-binding protein
[06:19:28] Modify product: Putative thiamine biosynthesis protein HI_0357 => Putative thiamine biosynthesis protein
[06:19:28] Modify product: Uncharacterized protein HI_0341 => putative protein
[06:19:28] Modify product: Probable transcriptional regulatory protein HI_0315 => putative transcriptional regulatory protein
[06:19:28] Modify product: Probable 3-phenylpropionic acid transporter => putative 3-phenylpropionic acid transporter
[06:19:28] Modify product: UPF0301 protein HD_1794 => hypothetical protein
[06:19:28] Modify product: Uncharacterized protein HI_0291 => putative protein
[06:19:28] Modify product: Uncharacterized protein HI_0291 => putative protein
[06:19:29] Modify product: Uncharacterized protein HI_0291 => putative protein
[06:19:29] Modify product: Uncharacterized protein HI_0291 => putative protein
[06:19:29] Modify product: Uncharacterized HTH-type transcriptional regulator HI_0186 => putative HTH-type transcriptional regulator
[06:19:29] Modify product: Probable formate transporter 1 => putative formate transporter 1
[06:19:29] Modify product: Uncharacterized HTH-type transcriptional regulator YbbH => putative HTH-type transcriptional regulator YbbH
[06:19:29] Modify product: UPF0053 protein HI_0107 => hypothetical protein
[06:19:29] Modify product: GTP cyclohydrolase 1 type 2 homolog => GTP cyclohydrolase 1 type 2 
[06:19:29] Modify product: Uncharacterized protein HI_0103 => putative protein
[06:19:29] Modify product: Uncharacterized metal-dependent hydrolase YjjV => putative metal-dependent hydrolase YjjV
[06:19:29] Modify product: Uncharacterized protein HI_0074 => putative protein
[06:19:29] Modify product: Uncharacterized protein HI_0073 => putative protein
[06:19:29] Modify product: UPF0053 inner membrane protein YgdQ => hypothetical protein
[06:19:29] Modify product: Uncharacterized zinc-type alcohol dehydrogenase-like protein YjmD => putative zinc-type alcohol dehydrogenase-like protein YjmD
[06:19:29] Modify product: Uncharacterized protein HI_0052 => putative protein
[06:19:29] Modify product: Uncharacterized oxidoreductase HI_0048 => putative oxidoreductase
[06:19:29] Modify product: Uncharacterized protein YtfJ => putative protein YtfJ
[06:19:29] Modify product: UPF0283 membrane protein YcjF => hypothetical protein
[06:19:29] Modify product: Uncharacterized protein YciH => putative protein YciH
[06:19:29] Modify product: UPF0126 inner membrane protein YicG => hypothetical protein
[06:19:29] Modify product: Uncharacterized HTH-type transcriptional regulator YbaQ => putative HTH-type transcriptional regulator YbaQ
[06:19:29] Modify product: Uncharacterized ABC transporter ATP-binding protein HI_1470 => putative ABC transporter ATP-binding protein
[06:19:29] Modify product: Probable S-adenosyl-L-methionine-dependent methyltransferase TehB => putative S-adenosyl-L-methionine-dependent methyltransferase TehB
[06:19:29] Modify product: UPF0299 membrane protein YohJ => hypothetical protein
[06:19:29] Modify product: Uncharacterized protein HI_1349 => putative protein
[06:19:29] Modify product: Probable FKBP-type peptidyl-prolyl cis-trans isomerase => putative FKBP-type peptidyl-prolyl cis-trans isomerase
[06:19:29] Modify product: Uncharacterized ferredoxin-like protein HI_0527 => putative ferredoxin-like protein
[06:19:29] Modify product: Uncharacterized protein HI_0521 => putative protein
[06:19:29] Modify product: Tellurite resistance protein TehA homolog => Tellurite resistance protein TehA 
[06:19:29] Modify product: UPF0701 protein HI_0467 => hypothetical protein
[06:19:29] Modify product: Uncharacterized protein HI_0461 => putative protein
[06:19:29] Modify product: Uncharacterized metal-dependent hydrolase YcfH => putative metal-dependent hydrolase YcfH
[06:19:29] Modify product: UPF0053 inner membrane protein YtfL => hypothetical protein
[06:19:29] Modify product: Nucleoid-associated protein HI_0442 => Nucleoid-associated protein
[06:19:29] Modify product: Probable bacterial non-heme ferritin => putative bacterial non-heme ferritin
[06:19:29] Modify product: Probable bacterial non-heme ferritin => putative bacterial non-heme ferritin
[06:19:29] Modify product: Uncharacterized protein HI_1388.1 => putative protein.1
[06:19:29] Modify product: UPF0267 protein HI_1394 => hypothetical protein
[06:19:29] Modify product: UPF0339 protein NMB1088 => hypothetical protein
[06:19:29] Modify product: Universal stress protein E homolog => Universal stress protein E 
[06:19:29] Modify product: Uncharacterized protein HI_1427 => putative protein
[06:19:29] Modify product: Stringent starvation protein B homolog => Stringent starvation protein B 
[06:19:29] Modify product: Stringent starvation protein A homolog => Stringent starvation protein A 
[06:19:29] Modify product: UPF0263 protein HI_1450 => hypothetical protein
[06:19:29] Modify product: Uncharacterized protein HI_1453 => putative protein
[06:19:29] Modify product: Uncharacterized protein HI_1339/HI_1462.1 => putative protein/HI_1462.1
[06:19:29] Modify product: RNA-binding protein HI_1333 => RNA-binding protein
[06:19:29] Modify product: Uncharacterized ABC transporter ATP-binding protein HI_1470 => putative ABC transporter ATP-binding protein
[06:19:29] Modify product: Probable ABC transporter permease protein HI_1471 => putative ABC transporter permease protein
[06:19:29] Modify product: Uncharacterized protein HI_1472 => putative protein
[06:19:29] Modify product: Probable nicotinate-nucleotide pyrophosphorylase [carboxylating] => putative nicotinate-nucleotide pyrophosphorylase [carboxylating]
[06:19:29] Modify product: Putative binding protein HI_1525 => Putative binding protein
[06:19:29] Modify product: Uncharacterized protein HI_1552 => putative protein
[06:19:29] Modify product: Putative 2-hydroxyacid dehydrogenase HI_1556 => Putative 2-hydroxyacid dehydrogenase
[06:19:29] Modify product: UPF0276 protein CCNA_03000 => hypothetical protein
[06:19:29] Modify product: UPF0111 protein HI_1603 => hypothetical protein
[06:19:29] Modify product: Uncharacterized protein HI_1624 => putative protein
[06:19:29] Modify product: Uncharacterized protein YcjX => putative protein YcjX
[06:19:29] Modify product: UPF0324 inner membrane protein YeiH => hypothetical protein
[06:19:29] Modify product: Probable TonB-dependent receptor HI_1217 => putative TonB-dependent receptor
[06:19:29] Modify product: Epimerase family protein SA0724 => Epimerase family protein
[06:19:29] Modify product: UPF0208 membrane protein YfbV => hypothetical protein
[06:19:29] Modify product: Uncharacterized protein YciO => putative protein YciO
[06:19:29] Modify product: UPF0234 protein HI_1034 => hypothetical protein
[06:19:29] Modify product: Uncharacterized protein HI_1008 => putative protein
[06:19:29] Modify product: TPR repeat-containing protein NMB0313 => TPR repeat-containing protein
[06:19:29] Modify product: Uncharacterized membrane protein YhdT => putative membrane protein YhdT
[06:19:29] Modify product: Probable lipid II flippase MurJ => putative lipid II flippase MurJ
[06:19:29] Modify product: UPF0758 protein SP_1088 => hypothetical protein
[06:19:29] Modify product: Uncharacterized protein HI_0933 => putative protein
[06:19:29] Modify product: Uncharacterized protein HI_1162 => putative protein
[06:19:29] Modify product: Uncharacterized HTH-type transcriptional regulator HI_0893 => putative HTH-type transcriptional regulator
[06:19:29] Modify product: Uncharacterized inner membrane transporter YhbE => putative inner membrane transporter YhbE
[06:19:30] Modify product: GTP-binding protein TypA/BipA homolog => GTP-binding protein TypA/BipA 
[06:19:30] Modify product: Uncharacterized ABC transporter ATP-binding protein HI_1470 => putative ABC transporter ATP-binding protein
[06:19:30] Modify product: Probable ABC transporter permease protein HI_1471 => putative ABC transporter permease protein
[06:19:30] Modify product: Uncharacterized protein HI_1472 => putative protein
[06:19:30] Modify product: Probable heme oxygenase HI_0854 => putative heme oxygenase
[06:19:30] Modify product: Probable transport protein HsrA => putative transport protein HsrA
[06:19:30] Modify product: UPF0438 protein HI_0847 => hypothetical protein
[06:19:30] Modify product: UPF0352 protein HI_0840 => hypothetical protein
[06:19:30] Modify product: Uncharacterized protein HI_0828 => putative protein
[06:19:30] Modify product: Uncharacterized acyl-CoA thioester hydrolase HI_0827 => putative acyl-CoA thioester hydrolase
[06:19:30] Modify product: Probable intracellular septation protein A => putative intracellular septation protein A
[06:19:30] Modify product: UPF0149 protein HI_0817 => hypothetical protein
[06:19:30] Modify product: Universal stress protein A homolog => Universal stress protein A 
[06:19:30] Modify product: Probable Fe(2+)-trafficking protein => putative Fe(2+)-trafficking protein
[06:19:30] Modify product: Uncharacterized protein HI_0755 => putative protein
[06:19:30] Modify product: Probable L-asparaginase periplasmic => putative L-asparaginase periplasmic
[06:19:30] Modify product: Uncharacterized protein YibN => putative protein YibN
[06:19:30] Modify product: Probable phosphomannomutase => putative phosphomannomutase
[06:19:30] Modify product: Probable hemoglobin and hemoglobin-haptoglobin-binding protein 2 => putative hemoglobin and hemoglobin-haptoglobin-binding protein 2
[06:19:30] Modify product: RutC family protein HI_0719 => RutC family protein
[06:19:30] Modify product: Probable hemoglobin and hemoglobin-haptoglobin-binding protein 3 => putative hemoglobin and hemoglobin-haptoglobin-binding protein 3
[06:19:30] Modify product: Probable ABC transporter ATP-binding/permease protein HI_0664 => putative ABC transporter ATP-binding/permease protein
[06:19:30] Modify product: Probable hemoglobin and hemoglobin-haptoglobin-binding protein 2 => putative hemoglobin and hemoglobin-haptoglobin-binding protein 2
[06:19:30] Modify product: Uncharacterized ABC transporter ATP-binding protein HI_0658 => putative ABC transporter ATP-binding protein
[06:19:30] Modify product: Probable D,D-dipeptide transport ATP-binding protein DdpF => putative D,D-dipeptide transport ATP-binding protein DdpF
[06:19:30] Modify product: Uncharacterized protein HI_1457 => putative protein
[06:19:30] Modify product: UPF0265 protein HI_1168 => hypothetical protein
[06:19:30] Modify product: Uncharacterized protein HI_1163 => putative protein
[06:19:30] Modify product: Putative esterase HI_1161 => Putative esterase
[06:19:30] Modify product: Probable ABC transporter ATP-binding/permease protein HI_0664 => putative ABC transporter ATP-binding/permease protein
[06:19:30] Modify product: UPF0307 protein YjgA => hypothetical protein
[06:19:30] Modify product: Probable peptidoglycan glycosyltransferase FtsW => putative peptidoglycan glycosyltransferase FtsW
[06:19:30] Modify product: Uncharacterized protein HI_0461 => putative protein
[06:19:30] Modify product: Probable GTP-binding protein EngB => putative GTP-binding protein EngB
[06:19:30] Modify product: Uncharacterized protein HI_1082 => putative protein
[06:19:30] Modify product: Probable amino-acid ABC transporter-binding protein HI_1080 => putative amino-acid ABC transporter-binding protein
[06:19:30] Modify product: UPF0382 inner membrane protein YgdD => hypothetical protein
[06:19:30] Modify product: Uncharacterized ferredoxin-like protein YdhX => putative ferredoxin-like protein YdhX
[06:19:30] Modify product: Uncharacterized protein HI_1048 => putative protein
[06:19:30] Cleaned 152 /product names
[06:19:30] Deleting unwanted file: annotation/GCF_000165575.1.sprot.tmp.623.faa
[06:19:30] Deleting unwanted file: annotation/GCF_000165575.1.sprot.tmp.623.blast
[06:19:30] There are still 365 unannotated CDS left (started with 1695)
[06:19:30] Will use hmmer3 to search against /opt/conda/envs/PERL_env/db/hmm/HAMAP.hmm with 6 CPUs
[06:19:30] Running: cat annotation\/GCF_000165575\.1\.HAMAP\.hmm\.tmp\.623\.faa | parallel --gnu --plain -j 6 --block 7673 --recstart '>' --pipe hmmscan --noali --notextw --acc -E 1e-09 --cpu 1 /opt/conda/envs/PERL_env/db/hmm/HAMAP.hmm /dev/stdin > annotation\/GCF_000165575\.1\.HAMAP\.hmm\.tmp\.623\.hmmer3 2> /dev/null
[06:20:32] Deleting unwanted file: annotation/GCF_000165575.1.HAMAP.hmm.tmp.623.faa
[06:20:32] Deleting unwanted file: annotation/GCF_000165575.1.HAMAP.hmm.tmp.623.hmmer3
[06:20:32] There are still 319 unannotated CDS left (started with 1695)
[06:20:32] Will use hmmer3 to search against /opt/conda/envs/PERL_env/db/hmm/TIGRFAMs_15.hmm with 6 CPUs
[06:20:32] Running: cat annotation\/GCF_000165575\.1\.TIGRFAMs_15\.hmm\.tmp\.623\.faa | parallel --gnu --plain -j 6 --block 6537 --recstart '>' --pipe hmmscan --noali --notextw --acc -E 1e-09 --cpu 1 /opt/conda/envs/PERL_env/db/hmm/TIGRFAMs_15.hmm /dev/stdin > annotation\/GCF_000165575\.1\.TIGRFAMs_15\.hmm\.tmp\.623\.hmmer3 2> /dev/null
[06:24:12] Modify product: hyp_HI0040: TIGR01619 family protein => hyp_HI0040: family protein
[06:24:12] Modify product: adhes_NPXG: filamentous hemagglutinin family N-terminal domain => hypothetical protein
[06:24:12] Modify product: TIGR00252: TIGR00252 family protein => TIGR00252: family protein
[06:24:12] Modify product: HI0507: TIGR00645 family protein => HI0507: family protein
[06:24:12] Modify product: IV_pilin_GFxxxE: prepilin-type N-terminal cleavage/methylation domain => hypothetical protein
[06:24:12] Modify product: tonB_Cterm: TonB family C-terminal domain => hypothetical protein
[06:24:12] Modify product: adhes_NPXG: filamentous hemagglutinin family N-terminal domain => hypothetical protein
[06:24:12] Modify product: ahpD_dom: alkylhydroperoxidase AhpD family core domain => ahpD_dom: alkylhydroperoxidase AhpD family core domain protein
[06:24:12] Modify product: TIGR00743: conserved hypothetical protein => hypothetical protein
[06:24:12] Modify product: couple_hipA: HipA N-terminal domain => hypothetical protein
[06:24:12] Cleaned 10 /product names
[06:24:12] Deleting unwanted file: annotation/GCF_000165575.1.TIGRFAMs_15.hmm.tmp.623.faa
[06:24:12] Deleting unwanted file: annotation/GCF_000165575.1.TIGRFAMs_15.hmm.tmp.623.hmmer3
[06:24:12] Labelling remaining 251 proteins as 'hypothetical protein'
[06:24:12] Possible /pseudo 'Lipooligosaccharide biosynthesis protein lex-1' at NC_017452.1 position 31777
[06:24:12] Possible /pseudo 'DNA-directed RNA polymerase subunit beta' at NC_017452.1 position 68466
[06:24:12] Possible /pseudo 'Manganese transport system membrane protein MntB' at NC_017452.1 position 216362
[06:24:12] Possible /pseudo 'putative protein' at NC_017452.1 position 278739
[06:24:12] Possible /pseudo 'putative protein' at NC_017452.1 position 279019
[06:24:12] Possible /pseudo 'putative protein' at NC_017452.1 position 279299
[06:24:12] Possible /pseudo 'putative protein' at NC_017452.1 position 576348
[06:24:12] Possible /pseudo 'Formate dehydrogenase, nitrate-inducible, major subunit' at NC_017452.1 position 649900
[06:24:12] Possible /pseudo 'hsdM: type I restriction-modification system, M subunit' at NC_017452.1 position 854449
[06:24:12] Possible /pseudo 'ABC transporter ATP-binding protein uup' at NC_017452.1 position 865341
[06:24:12] Possible /pseudo 'putative bacterial non-heme ferritin' at NC_017452.1 position 928247
[06:24:12] Possible /pseudo 'Phosphoglucosamine mutase' at NC_017452.1 position 1033853
[06:24:12] Possible /pseudo 'Metal-pseudopaline receptor CntO' at NC_017452.1 position 1036770
[06:24:12] Possible /pseudo 'Succinate--CoA ligase [ADP-forming] subunit alpha' at NC_017452.1 position 1206584
[06:24:12] Possible /pseudo 'Beta-hexosaminidase' at NC_017452.1 position 1427378
[06:24:12] Possible /pseudo 'Glutathione-regulated potassium-efflux system protein KefC' at NC_017452.1 position 1482257
[06:24:12] Found 1189 unique /gene codes.
[06:24:12] Fixed 2 duplicate /gene - rluA_1 rluA_2
[06:24:12] Fixed 2 duplicate /gene - topA_1 topA_2
[06:24:12] Fixed 2 duplicate /gene - hmrR_1 hmrR_2
[06:24:12] Fixed 2 duplicate /gene - yhjE_1 yhjE_2
[06:24:12] Fixed 2 duplicate /gene - ccmF_1 ccmF_2
[06:24:12] Fixed 2 duplicate /gene - tolR_1 tolR_2
[06:24:12] Fixed 3 duplicate /gene - glmM_1 glmM_2 glmM_3
[06:24:12] Fixed 2 duplicate /gene - crp_1 crp_2
[06:24:12] Fixed 2 duplicate /gene - sapB_1 sapB_2
[06:24:12] Fixed 2 duplicate /gene - ligA_1 ligA_2
[06:24:12] Fixed 2 duplicate /gene - rpmE_1 rpmE_2
[06:24:12] Fixed 2 duplicate /gene - ftsH_1 ftsH_2
[06:24:12] Fixed 2 duplicate /gene - cydD_1 cydD_2
[06:24:12] Fixed 2 duplicate /gene - potD_1 potD_2
[06:24:12] Fixed 2 duplicate /gene - mltC_1 mltC_2
[06:24:12] Fixed 2 duplicate /gene - mntB_1 mntB_2
[06:24:12] Fixed 2 duplicate /gene - gmhA_1 gmhA_2
[06:24:12] Fixed 2 duplicate /gene - sucD_1 sucD_2
[06:24:12] Fixed 2 duplicate /gene - kefC_1 kefC_2
[06:24:12] Fixed 2 duplicate /gene - bioD1_1 bioD1_2
[06:24:12] Fixed 2 duplicate /gene - acr3_1 acr3_2
[06:24:12] Fixed 2 duplicate /gene - menF_1 menF_2
[06:24:12] Fixed 2 duplicate /gene - tyrP_1 tyrP_2
[06:24:12] Fixed 2 duplicate /gene - bacA_1 bacA_2
[06:24:12] Fixed 4 duplicate /gene - btuD_1 btuD_2 btuD_3 btuD_4
[06:24:12] Fixed 2 duplicate /gene - ftnA_1 ftnA_2
[06:24:12] Fixed 2 duplicate /gene - trpG_1 trpG_2
[06:24:12] Fixed 2 duplicate /gene - csdA_1 csdA_2
[06:24:12] Fixed 2 duplicate /gene - alsT_1 alsT_2
[06:24:12] Fixed 2 duplicate /gene - fdnG_1 fdnG_2
[06:24:12] Fixed 3 duplicate /gene - ruvB_1 ruvB_2 ruvB_3
[06:24:12] Fixed 2 duplicate /gene - mutM_1 mutM_2
[06:24:12] Fixed 2 duplicate /gene - cntO_1 cntO_2
[06:24:12] Fixed 2 duplicate /gene - tolQ_1 tolQ_2
[06:24:12] Fixed 2 duplicate /gene - COQ5_1 COQ5_2
[06:24:12] Fixed 2 duplicate /gene - arcB_1 arcB_2
[06:24:12] Fixed 2 duplicate /gene - nagZ_1 nagZ_2
[06:24:12] Fixed 2 duplicate /gene - znuC_1 znuC_2
[06:24:12] Fixed 3 duplicate /gene - xerC_1 xerC_2 xerC_3
[06:24:12] Fixed 2 duplicate /gene - ycfH_1 ycfH_2
[06:24:12] Fixed 3 duplicate /gene - uup_1 uup_2 uup_3
[06:24:12] Fixed 2 duplicate /gene - opgE_1 opgE_2
[06:24:12] Fixed 2 duplicate /gene - gpt_1 gpt_2
[06:24:12] Fixed 2 duplicate /gene - csdE_1 csdE_2
[06:24:12] Fixed 2 duplicate /gene - glmS_1 glmS_2
[06:24:12] Fixed 2 duplicate /gene - tufB_1 tufB_2
[06:24:12] Fixed 2 duplicate /gene - atpH_1 atpH_2
[06:24:12] Fixed 2 duplicate /gene - dsbE_1 dsbE_2
[06:24:12] Fixed 2 duplicate /gene - cmk_1 cmk_2
[06:24:12] Fixed 4 duplicate /gene - lex1_1 lex1_2 lex1_3 lex1_4
[06:24:12] Fixed 2 duplicate /gene - gspA_1 gspA_2
[06:24:12] Fixed 3 duplicate /gene - napF_1 napF_2 napF_3
[06:24:12] Fixed 2 duplicate /gene - hisC_1 hisC_2
[06:24:12] Fixed 2 duplicate /gene - lexA_1 lexA_2
[06:24:12] Fixed 2 duplicate /gene - rpoB_1 rpoB_2
[06:24:12] Fixed 55 colliding /gene names.
[06:24:12] Adding /locus_tag identifiers
[06:24:12] Assigned 1772 locus_tags to CDS and RNA features.
[06:24:12] Writing outputs to annotation/
[06:24:13] Generating annotation statistics file
[06:24:13] Generating Genbank and Sequin files
[06:24:13] Running: tbl2asn -V b -a r10k -l paired-ends -M n -N 1 -y 'Annotated using prokka 1.14.6 from https://github.com/tseemann/prokka' -Z annotation\/GCF_000165575\.1\.err -i annotation\/GCF_000165575\.1\.fsa 2> /dev/null
[06:24:18] Deleting unwanted file: annotation/errorsummary.val
[06:24:18] Deleting unwanted file: annotation/GCF_000165575.1.dr
[06:24:18] Deleting unwanted file: annotation/GCF_000165575.1.fixedproducts
[06:24:18] Deleting unwanted file: annotation/GCF_000165575.1.ecn
[06:24:18] Deleting unwanted file: annotation/GCF_000165575.1.val
[06:24:18] Repairing broken .GBK output that tbl2asn produces...
[06:24:18] Running: sed 's/COORDINATES: profile/COORDINATES:profile/' < annotation\/GCF_000165575\.1\.gbf > annotation\/GCF_000165575\.1\.gbk
[06:24:18] Deleting unwanted file: annotation/GCF_000165575.1.gbf
[06:24:18] Output files:
[06:24:18] annotation/GCF_000165575.1.fna
[06:24:18] annotation/GCF_000165575.1.tsv
[06:24:18] annotation/GCF_000165575.1.gff
[06:24:18] annotation/GCF_000165575.1.err
[06:24:18] annotation/GCF_000165575.1.tbl
[06:24:18] annotation/GCF_000165575.1.gbk
[06:24:18] annotation/GCF_000165575.1.faa
[06:24:18] annotation/GCF_000165575.1.log
[06:24:18] annotation/GCF_000165575.1.ffn
[06:24:18] annotation/GCF_000165575.1.sqn
[06:24:18] annotation/GCF_000165575.1.txt
[06:24:18] annotation/GCF_000165575.1.fsa
[06:24:18] Annotation finished successfully.
[06:24:18] Walltime used: 12.93 minutes
[06:24:18] If you use this result please cite the Prokka paper:
[06:24:18] Seemann T (2014) Prokka: rapid prokaryotic genome annotation. Bioinformatics. 30(14):2068-9.
[06:24:18] Type 'prokka --citation' for more details.
[06:24:18] Thank you, come again.
