2022-01-21 06:34:59 INFO     Welcome to PhiSpy.py version 4.2.19
2022-01-21 06:34:59 INFO     Starting PhiSpy.py with the following arguments
Namespace(infile='GCF_000197875.1.gbk', output_dir='PhiSpy', make_training_data=None, training_set='data/trainSet_genericAll.txt', list=False, file_prefix='', evaluate=False, number=5, min_contig_size=5000, window_size=30, nonprophage_genegaps=10, phage_genes=1, metrics=['orf_length_med', 'shannon_slope', 'at_skew', 'gc_skew', 'max_direction'], randomforest_trees=500, expand_slope=False, kmers_type='all', phmms=None, include_annotations=True, ignore_annotations=False, color=True, threads=6, output_choice=127, include_all_repeats=False, keep_dropped_predictions=False, extra_dna=2000, min_repeat_len=10, log='PhiSpy/phispy.log', quiet=False, keep=False, logger=<Logger PhiSpy (Level 5)>)
2022-01-21 06:35:00 INFO     Processing 1 contigs
2022-01-21 06:35:00 INFO     Making Testing Set...
2022-01-21 06:35:07 INFO     Start Classification Algorithm...
2022-01-21 06:35:07 INFO     Using training set in data/trainSet_genericAll.txt
2022-01-21 06:35:10 INFO     Using the following metric(s): {'max_direction', 'at_skew', 'shannon_slope', 'orf_length_med', 'gc_skew'}.
2022-01-21 06:35:10 INFO     Running the random forest classifier with 500 trees and 6 threads
2022-01-21 06:43:10 INFO     Rank threshold calculated as 0.4877067846607669
2022-01-21 06:43:10 INFO     As the training flag is zero, down-weighting unknown functions
2022-01-21 06:43:10 INFO     Evaluating...
2022-01-21 06:43:10 INFO     Checking prophages we might have found
2022-01-21 06:43:10 INFO     Potential prophages (sorted highest to lowest)
2022-01-21 06:43:10 INFO     Contig	Start	Stop	Number of potential genes	Status
2022-01-21 06:43:10 INFO     NC_014920.1	876640	901482	40	Kept
2022-01-21 06:43:10 INFO     NC_014920.1	1251886	1268961	30	Kept
2022-01-21 06:43:10 INFO     NC_014920.1	425683	449043	30	Kept
2022-01-21 06:43:10 INFO     NC_014920.1	335069	346704	6	Kept
2022-01-21 06:43:10 INFO     NC_014920.1	101821	110871	4	Dropped. Region too small (Not enough genes)
2022-01-21 06:43:10 INFO     NC_014920.1	1640588	1641487	1	Dropped. Region too small (Not enough genes)
2022-01-21 06:43:10 INFO     NC_014920.1	1305025	1305324	1	Dropped. Region too small (Not enough genes)
2022-01-21 06:43:10 INFO     NC_014920.1	910126	911373	1	Dropped. Region too small (Not enough genes)
2022-01-21 06:43:10 INFO     NC_014920.1	858267	858683	1	Dropped. Region too small (Not enough genes)
2022-01-21 06:43:10 INFO     NC_014920.1	626907	628163	1	Dropped. Region too small (Not enough genes)
2022-01-21 06:43:10 INFO     NC_014920.1	515585	517666	1	Dropped. Region too small (Not enough genes)
2022-01-21 06:43:10 INFO     NC_014920.1	370734	371759	1	Dropped. Region too small (Not enough genes)
2022-01-21 06:43:10 INFO     NC_014920.1	362482	363432	1	Dropped. Region too small (Not enough genes)
2022-01-21 06:43:10 INFO     NC_014920.1	261025	261918	1	Dropped. Region too small (Not enough genes)
2022-01-21 06:43:10 INFO     NC_014920.1	116862	117875	1	Dropped. Region too small (Not enough genes)
2022-01-21 06:43:10 INFO     PROPHAGE: 1 Contig: NC_014920.1 Start: 335069 Stop: 346704
2022-01-21 06:43:11 INFO     PROPHAGE: 2 Contig: NC_014920.1 Start: 425683 Stop: 449043
2022-01-21 06:43:11 INFO     PROPHAGE: 3 Contig: NC_014920.1 Start: 876640 Stop: 901482
2022-01-21 06:43:11 INFO     PROPHAGE: 4 Contig: NC_014920.1 Start: 1251886 Stop: 1268961
2022-01-21 06:43:11 INFO     Creating output files
2022-01-21 06:43:11 INFO     Writing prophage.tbl output file
2022-01-21 06:43:11 INFO     Writing GFF3 output file
2022-01-21 06:43:11 INFO     Writing prophage.tsv output file
2022-01-21 06:43:11 INFO     Writing prophage_information.tsv output file
2022-01-21 06:43:11 INFO     Writing bacterial and phage DNA as fasta
2022-01-21 06:43:11 INFO     Writing GenBank output file
2022-01-21 06:43:12 INFO     Writing prophage_coordinates output file
2022-01-21 06:43:12 INFO     Done!!! Output is in PhiSpy and the log is in PhiSpy/phispy.log
