[06:11:22] This is prokka 1.14.6
[06:11:22] Written by Torsten Seemann <torsten.seemann@gmail.com>
[06:11:22] Homepage is https://github.com/tseemann/prokka
[06:11:22] Local time is Fri Jan 21 06:11:22 2022
[06:11:22] You are not telling me who you are!
[06:11:22] Operating system is linux
[06:11:22] You have BioPerl 1.007002
[06:11:22] System has 24 cores.
[06:11:22] Will use maximum of 6 cores.
[06:11:22] Annotating as >>> Bacteria <<<
[06:11:22] Generating locus_tag from 'GCF_000767075.1_ASM76707v1_genomic.fna' contents.
[06:11:22] Setting --locustag BNDDHPLM from MD5 b7dd19566e46a74fbde8ac6aeccf8f2d
[06:11:22] Creating new output folder: annotation
[06:11:22] Running: mkdir -p annotation
[06:11:22] Using filename prefix: GCF_000767075.1.XXX
[06:11:22] Setting HMMER_NCPU=1
[06:11:22] Writing log to: annotation/GCF_000767075.1.log
[06:11:22] Command: /opt/conda/envs/PERL_env/bin/prokka --outdir annotation --cpus 6 --mincontiglen 200 --prefix GCF_000767075.1 --genus  --species  --strain GCF_000767075.1 GCF_000767075.1_ASM76707v1_genomic.fna
[06:11:22] Appending to PATH: /opt/conda/envs/PERL_env/bin
[06:11:22] Looking for 'aragorn' - found /opt/conda/envs/PERL_env/bin/aragorn
[06:11:22] Determined aragorn version is 001002 from 'ARAGORN v1.2.38 Dean Laslett'
[06:11:22] Looking for 'barrnap' - found /opt/conda/envs/PERL_env/bin/barrnap
[06:11:23] Determined barrnap version is 000009 from 'barrnap 0.9'
[06:11:23] Looking for 'blastp' - found /opt/conda/envs/PERL_env/bin/blastp
[06:11:27] Determined blastp version is 002010 from 'blastp: 2.10.1+'
[06:11:27] Looking for 'cmpress' - found /opt/conda/envs/PERL_env/bin/cmpress
[06:11:27] Determined cmpress version is 001001 from '# INFERNAL 1.1.4 (Dec 2020)'
[06:11:27] Looking for 'cmscan' - found /opt/conda/envs/PERL_env/bin/cmscan
[06:11:28] Determined cmscan version is 001001 from '# INFERNAL 1.1.4 (Dec 2020)'
[06:11:28] Looking for 'egrep' - found /bin/egrep
[06:11:28] Looking for 'find' - found /usr/bin/find
[06:11:28] Looking for 'grep' - found /bin/grep
[06:11:28] Looking for 'hmmpress' - found /opt/conda/envs/PERL_env/bin/hmmpress
[06:11:28] Determined hmmpress version is 003003 from '# HMMER 3.3.2 (Nov 2020); http://hmmer.org/'
[06:11:28] Looking for 'hmmscan' - found /opt/conda/envs/PERL_env/bin/hmmscan
[06:11:28] Determined hmmscan version is 003003 from '# HMMER 3.3.2 (Nov 2020); http://hmmer.org/'
[06:11:28] Looking for 'java' - found /opt/conda/envs/PERL_env/bin/java
[06:11:28] Looking for 'makeblastdb' - found /opt/conda/envs/PERL_env/bin/makeblastdb
[06:11:28] Determined makeblastdb version is 002010 from 'makeblastdb: 2.10.1+'
[06:11:28] Looking for 'minced' - found /opt/conda/envs/PERL_env/bin/minced
[06:11:31] Determined minced version is 004002 from 'minced 0.4.2'
[06:11:31] Looking for 'parallel' - found /opt/conda/envs/PERL_env/bin/parallel
[06:11:32] Determined parallel version is 20210822 from 'GNU parallel 20210822'
[06:11:32] Looking for 'prodigal' - found /opt/conda/envs/PERL_env/bin/prodigal
[06:11:32] Determined prodigal version is 002006 from 'Prodigal V2.6.3: February, 2016'
[06:11:32] Looking for 'prokka-genbank_to_fasta_db' - found /opt/conda/envs/PERL_env/bin/prokka-genbank_to_fasta_db
[06:11:32] Looking for 'sed' - found /bin/sed
[06:11:32] Looking for 'tbl2asn' - found /opt/conda/envs/PERL_env/bin/tbl2asn
[06:11:33] Determined tbl2asn version is 025007 from 'tbl2asn 25.7   arguments:'
[06:11:33] Using genetic code table 11.
[06:11:33] Loading and checking input file: GCF_000767075.1_ASM76707v1_genomic.fna
[06:11:33] Wrote 1 contigs totalling 1850897 bp.
[06:11:33] Predicting tRNAs and tmRNAs
[06:11:33] Running: aragorn -l -gc11  -w annotation\/GCF_000767075\.1\.fna
[06:11:34] 1 tRNA-Met [73877,73953] 35 (cat)
[06:11:34] 2 tRNA-Asn c[223817,223892] 34 (gtt)
[06:11:34] 3 tRNA-Phe c[223895,223970] 34 (gaa)
[06:11:34] 4 tRNA-Ala c[273694,273769] 34 (tgc)
[06:11:34] 5 tRNA-Ile c[273855,273931] 35 (gat)
[06:11:34] 6 tRNA-Arg c[291355,291431] 35 (tct)
[06:11:34] 7 tRNA-Pro c[291479,291555] 35 (tgg)
[06:11:34] 8 tRNA-Trp c[303030,303105] 34 (cca)
[06:11:34] 9 tRNA-Asp c[303134,303210] 35 (gtc)
[06:11:34] 10 tRNA-Ala c[307260,307335] 34 (tgc)
[06:11:34] 11 tRNA-Ile c[307421,307497] 35 (gat)
[06:11:34] 12 tRNA-SeC [327191,327286] 36 (tca)
[06:11:34] 13 tRNA-Ser [397207,397301] 36 (gct)
[06:11:34] 14 tRNA-Arg [397322,397398] 35 (acg)
[06:11:34] 15 tRNA-Arg [397456,397532] 35 (acg)
[06:11:34] 16 tRNA-Thr c[407459,407534] 34 (ggt)
[06:11:34] 17 tRNA-Gly c[407538,407612] 34 (tcc)
[06:11:34] 18 tRNA-Tyr c[407655,407739] 35 (gta)
[06:11:34] 19 tRNA-Thr c[407769,407844] 34 (tgt)
[06:11:34] 20 tRNA-Glu c[421281,421356] 35 (ttc)
[06:11:34] 21 tRNA-Leu c[577763,577848] 35 (gag)
[06:11:34] 22 tRNA-Lys [641962,642037] 34 (ttt)
[06:11:34] 23 tRNA-Lys [642061,642136] 34 (ctt)
[06:11:34] 24 tRNA-Trp [662549,662622] 33 (cca)
[06:11:34] 25 tRNA-Ser [737269,737358] 35 (tga)
[06:11:34] 26 tRNA-Val c[783604,783679] 34 (tac)
[06:11:34] 27 tRNA-Val c[783732,783807] 34 (tac)
[06:11:34] 28 tRNA-Val c[783866,783941] 34 (tac)
[06:11:34] 29 tRNA-Val c[783985,784060] 34 (tac)
[06:11:34] 30 tRNA-Ala [785754,785829] 34 (ggc)
[06:11:34] 31 tRNA-Ser [804427,804516] 35 (gga)
[06:11:34] 32 tRNA-Glu [846109,846184] 35 (ttc)
[06:11:34] 33 tRNA-Asp [941214,941290] 35 (gtc)
[06:11:34] 34 tRNA-Asp [941314,941390] 35 (gtc)
[06:11:34] 35 tRNA-Lys c[949426,949501] 34 (ttt)
[06:11:34] 36 tRNA-Leu c[949552,949638] 35 (taa)
[06:11:34] 37 tRNA-Gly c[949643,949718] 34 (gcc)
[06:11:34] 38 tRNA-Met [958116,958192] 35 (cat)
[06:11:34] 39 tRNA-Arg [960607,960683] 35 (ccg)
[06:11:34] 40 tRNA-His [960710,960785] 34 (gtg)
[06:11:34] 41 tRNA-Pro [960807,960883] 35 (tgg)
[06:11:34] 42 tRNA-Glu [962731,962806] 35 (ttc)
[06:11:34] 43 tRNA-Lys c[1007012,1007087] 34 (ttt)
[06:11:34] 44 tRNA-Leu c[1007139,1007225] 35 (taa)
[06:11:34] 45 tRNA-Cys c[1007253,1007326] 33 (gca)
[06:11:34] 46 tRNA-Gly c[1007333,1007408] 34 (gcc)
[06:11:34] 47 tRNA-Ser c[1052082,1052171] 35 (tga)
[06:11:34] 48 tRNA-Ile [1108988,1109064] 35 (gat)
[06:11:34] 49 tRNA-Ala [1109150,1109225] 34 (tgc)
[06:11:34] 50 tRNA-Gly c[1134721,1134796] 34 (gcc)
[06:11:34] 51 tRNA-Gly c[1134821,1134896] 34 (gcc)
[06:11:34] 52 tRNA-Asn [1255394,1255469] 34 (gtt)
[06:11:34] 53 tmRNA c[1311766,1312131] 92,127 ANDEQYALAA**
[06:11:34] 54 tRNA-Met [1312560,1312636] 35 (cat)
[06:11:34] 55 tRNA-Leu c[1439750,1439835] 35 (caa)
[06:11:34] 56 tRNA-Val c[1559036,1559112] 35 (gac)
[06:11:34] 57 tRNA-Gln c[1624544,1624618] 33 (ttg)
[06:11:34] 58 tRNA-Gln c[1624666,1624740] 33 (ttg)
[06:11:34] 59 tRNA-Leu c[1624769,1624853] 35 (tag)
[06:11:34] 60 tRNA-Met c[1624859,1624935] 35 (cat)
[06:11:34] Found 60 tRNAs
[06:11:34] Predicting Ribosomal RNAs
[06:11:34] Running Barrnap with 6 threads
[06:11:46] 1 NZ_CP009610.1 269826 5S ribosomal RNA
[06:11:46] 2 NZ_CP009610.1 270182 23S ribosomal RNA
[06:11:46] 3 NZ_CP009610.1 274012 16S ribosomal RNA
[06:11:46] 4 NZ_CP009610.1 303226 5S ribosomal RNA
[06:11:46] 5 NZ_CP009610.1 303391 5S ribosomal RNA
[06:11:46] 6 NZ_CP009610.1 303747 23S ribosomal RNA
[06:11:46] 7 NZ_CP009610.1 307578 16S ribosomal RNA
[06:11:46] 8 NZ_CP009610.1 417542 5S ribosomal RNA
[06:11:46] 9 NZ_CP009610.1 417898 23S ribosomal RNA
[06:11:46] 10 NZ_CP009610.1 421489 16S ribosomal RNA
[06:11:46] 11 NZ_CP009610.1 844441 16S ribosomal RNA
[06:11:46] 12 NZ_CP009610.1 846457 23S ribosomal RNA
[06:11:46] 13 NZ_CP009610.1 849816 5S ribosomal RNA
[06:11:46] 14 NZ_CP009610.1 961063 16S ribosomal RNA
[06:11:46] 15 NZ_CP009610.1 963079 23S ribosomal RNA
[06:11:46] 16 NZ_CP009610.1 966427 5S ribosomal RNA
[06:11:46] 17 NZ_CP009610.1 1107372 16S ribosomal RNA
[06:11:46] 18 NZ_CP009610.1 1109627 23S ribosomal RNA
[06:11:46] 19 NZ_CP009610.1 1112986 5S ribosomal RNA
[06:11:46] Found 19 rRNAs
[06:11:46] Skipping ncRNA search, enable with --rfam if desired.
[06:11:46] Total of 78 tRNA + rRNA features
[06:11:46] Searching for CRISPR repeats
[06:11:47] Found 0 CRISPRs
[06:11:47] Predicting coding sequences
[06:11:47] Contigs total 1850897 bp, so using single mode
[06:11:47] Running: prodigal -i annotation\/GCF_000767075\.1\.fna -c -m -g 11 -p single -f sco -q
[06:11:54] Excluding CDS which overlaps existing RNA (tRNA) at NZ_CP009610.1:949365..949490 on + strand
[06:11:56] Found 1738 CDS
[06:11:56] Connecting features back to sequences
[06:11:56] Not using genus-specific database. Try --usegenus to enable it.
[06:11:56] Annotating CDS, please be patient.
[06:11:56] Will use 6 CPUs for similarity searching.
[06:11:57] There are still 1738 unannotated CDS left (started with 1738)
[06:11:57] Will use blast to search against /opt/conda/envs/PERL_env/db/kingdom/Bacteria/IS with 6 CPUs
[06:11:57] Running: cat annotation\/GCF_000767075\.1\.IS\.tmp\.623\.faa | parallel --gnu --plain -j 6 --block 46057 --recstart '>' --pipe blastp -query - -db /opt/conda/envs/PERL_env/db/kingdom/Bacteria/IS -evalue 1e-30 -qcov_hsp_perc 90 -num_threads 1 -num_descriptions 1 -num_alignments 1 -seg no > annotation\/GCF_000767075\.1\.IS\.tmp\.623\.blast 2> /dev/null
[06:13:02] Deleting unwanted file: annotation/GCF_000767075.1.IS.tmp.623.faa
[06:13:02] Deleting unwanted file: annotation/GCF_000767075.1.IS.tmp.623.blast
[06:13:03] There are still 1736 unannotated CDS left (started with 1738)
[06:13:03] Will use blast to search against /opt/conda/envs/PERL_env/db/kingdom/Bacteria/AMR with 6 CPUs
[06:13:03] Running: cat annotation\/GCF_000767075\.1\.AMR\.tmp\.623\.faa | parallel --gnu --plain -j 6 --block 46002 --recstart '>' --pipe blastp -query - -db /opt/conda/envs/PERL_env/db/kingdom/Bacteria/AMR -evalue 9.99999999999999e-301 -qcov_hsp_perc 90 -num_threads 1 -num_descriptions 1 -num_alignments 1 -seg no > annotation\/GCF_000767075\.1\.AMR\.tmp\.623\.blast 2> /dev/null
[06:14:03] Deleting unwanted file: annotation/GCF_000767075.1.AMR.tmp.623.faa
[06:14:03] Deleting unwanted file: annotation/GCF_000767075.1.AMR.tmp.623.blast
[06:14:03] There are still 1736 unannotated CDS left (started with 1738)
[06:14:03] Will use blast to search against /opt/conda/envs/PERL_env/db/kingdom/Bacteria/sprot with 6 CPUs
[06:14:03] Running: cat annotation\/GCF_000767075\.1\.sprot\.tmp\.623\.faa | parallel --gnu --plain -j 6 --block 46002 --recstart '>' --pipe blastp -query - -db /opt/conda/envs/PERL_env/db/kingdom/Bacteria/sprot -evalue 1e-09 -qcov_hsp_perc 80 -num_threads 1 -num_descriptions 1 -num_alignments 1 -seg no > annotation\/GCF_000767075\.1\.sprot\.tmp\.623\.blast 2> /dev/null
[06:19:35] Modify product: UPF0381 protein YiiS => hypothetical protein
[06:19:35] Modify product: Probable ribosomal oxygenase HI_0396 => putative ribosomal oxygenase
[06:19:35] Modify product: UPF0125 protein HI_0395 => hypothetical protein
[06:19:35] Modify product: Probable ATP-dependent DNA helicase YoaA => putative ATP-dependent DNA helicase YoaA
[06:19:35] Modify product: UPF0339 protein NMB1088 => hypothetical protein
[06:19:35] Modify product: Uncharacterized HTH-type transcriptional regulator HI_1476 => putative HTH-type transcriptional regulator
[06:19:35] Modify product: Uncharacterized tRNA/rRNA methyltransferase HI_0380 => putative tRNA/rRNA methyltransferase
[06:19:35] Modify product: Co-chaperone protein HscB homolog => Co-chaperone protein HscB 
[06:19:35] Modify product: UPF0070 protein HI_0370 => hypothetical protein
[06:19:35] Modify product: Uncharacterized periplasmic iron-binding protein HI_0362 => putative periplasmic iron-binding protein
[06:19:35] Modify product: Putative thiamine biosynthesis protein HI_0357 => Putative thiamine biosynthesis protein
[06:19:35] Modify product: Uncharacterized protein HI_0341 => putative protein
[06:19:36] Modify product: Probable transcriptional regulatory protein HI_0315 => putative transcriptional regulatory protein
[06:19:36] Modify product: Probable 3-phenylpropionic acid transporter => putative 3-phenylpropionic acid transporter
[06:19:36] Modify product: UPF0301 protein HD_1794 => hypothetical protein
[06:19:36] Modify product: Uncharacterized protein HI_0291 => putative protein
[06:19:36] Modify product: Uncharacterized protein HI_0291 => putative protein
[06:19:36] Modify product: Uncharacterized protein HI_0291 => putative protein
[06:19:36] Modify product: Uncharacterized protein HI_0291 => putative protein
[06:19:36] Modify product: Uncharacterized ferredoxin-like protein HI_0527 => putative ferredoxin-like protein
[06:19:36] Modify product: Uncharacterized protein HI_0521 => putative protein
[06:19:36] Modify product: Tellurite resistance protein TehA homolog => Tellurite resistance protein TehA 
[06:19:36] Modify product: UPF0701 protein HI_0467 => hypothetical protein
[06:19:36] Modify product: Uncharacterized protein HI_0461 => putative protein
[06:19:36] Modify product: Uncharacterized metal-dependent hydrolase YcfH => putative metal-dependent hydrolase YcfH
[06:19:36] Modify product: UPF0053 inner membrane protein YtfL => hypothetical protein
[06:19:36] Modify product: Nucleoid-associated protein HI_0442 => Nucleoid-associated protein
[06:19:36] Modify product: Uncharacterized protein HI_0431 => putative protein
[06:19:36] Modify product: Uncharacterized tRNA/rRNA methyltransferase YfiF => putative tRNA/rRNA methyltransferase YfiF
[06:19:36] Modify product: 23S rRNA 5-hydroxycytidine C2501 synthase => 23S rRNA 5-hydroxycytidine synthase
[06:19:36] Modify product: UPF0225 protein YchJ => hypothetical protein
[06:19:36] Modify product: UPF0761 membrane protein YihY => hypothetical protein
[06:19:36] Modify product: Probable glycerol-3-phosphate acyltransferase => putative glycerol-3-phosphate acyltransferase
[06:19:36] Modify product: Outer membrane protein assembly factor BamC homolog => Outer membrane protein assembly factor BamC 
[06:19:36] Modify product: Uncharacterized protein HI_0246 => putative protein
[06:19:36] Modify product: Uncharacterized protein YfgD => putative protein YfgD
[06:19:36] Modify product: Lipoprotein NlpI homolog => Lipoprotein NlpI 
[06:19:36] Modify product: Uncharacterized protein HI_0227 => putative protein
[06:19:36] Modify product: Uncharacterized protein HI_0205 => putative protein
[06:19:36] Modify product: Probable membrane transporter protein YfcA => putative membrane transporter protein YfcA
[06:19:36] Modify product: Uncharacterized MscS family protein HI_0195.1 => putative MscS family protein.1
[06:19:36] Modify product: Uncharacterized HTH-type transcriptional regulator HI_0186 => putative HTH-type transcriptional regulator
[06:19:36] Modify product: Probable formate transporter 1 => putative formate transporter 1
[06:19:36] Modify product: Probable transport protein HsrA => putative transport protein HsrA
[06:19:36] Modify product: UPF0438 protein HI_0847 => hypothetical protein
[06:19:36] Modify product: UPF0352 protein HI_0840 => hypothetical protein
[06:19:36] Modify product: Uncharacterized protein HI_0828 => putative protein
[06:19:36] Modify product: Uncharacterized acyl-CoA thioester hydrolase HI_0827 => putative acyl-CoA thioester hydrolase
[06:19:36] Modify product: Probable intracellular septation protein A => putative intracellular septation protein A
[06:19:36] Modify product: UPF0149 protein HI_0817 => hypothetical protein
[06:19:36] Modify product: Universal stress protein A homolog => Universal stress protein A 
[06:19:36] Modify product: Probable Fe(2+)-trafficking protein => putative Fe(2+)-trafficking protein
[06:19:36] Modify product: Uncharacterized protein HI_0755 => putative protein
[06:19:36] Modify product: Uncharacterized protein YibN => putative protein YibN
[06:19:36] Modify product: Probable phosphomannomutase => putative phosphomannomutase
[06:19:36] Modify product: Probable D-methionine-binding lipoprotein MetQ => putative D-methionine-binding lipoprotein MetQ
[06:19:36] Modify product: Uncharacterized HTH-type transcriptional regulator YdjF => putative HTH-type transcriptional regulator YdjF
[06:19:36] Modify product: Bifunctional protein FolD => Bifunctional protein FolD protein
[06:19:36] Modify product: Shikimate dehydrogenase-like protein HI_0607 => Shikimate dehydrogenase-like protein
[06:19:36] Modify product: Uncharacterized membrane protein YhdT => putative membrane protein YhdT
[06:19:36] Modify product: Probable lipid II flippase MurJ => putative lipid II flippase MurJ
[06:19:36] Modify product: UPF0758 protein SP_1088 => hypothetical protein
[06:19:36] Modify product: Uncharacterized protein HI_0933 => putative protein
[06:19:36] Modify product: Uncharacterized protein HI_1162 => putative protein
[06:19:36] Modify product: Uncharacterized HTH-type transcriptional regulator HI_0893 => putative HTH-type transcriptional regulator
[06:19:36] Modify product: Uncharacterized inner membrane transporter YhbE => putative inner membrane transporter YhbE
[06:19:36] Modify product: GTP-binding protein TypA/BipA homolog => GTP-binding protein TypA/BipA 
[06:19:36] Modify product: Probable heme oxygenase HI_0854 => putative heme oxygenase
[06:19:36] Modify product: RutC family protein HI_0719 => RutC family protein
[06:19:36] Modify product: Probable hemoglobin and hemoglobin-haptoglobin-binding protein 3 => putative hemoglobin and hemoglobin-haptoglobin-binding protein 3
[06:19:36] Modify product: Probable hemoglobin and hemoglobin-haptoglobin-binding protein 3 => putative hemoglobin and hemoglobin-haptoglobin-binding protein 3
[06:19:36] Modify product: Probable ABC transporter ATP-binding/permease protein HI_0664 => putative ABC transporter ATP-binding/permease protein
[06:19:36] Modify product: Probable hemoglobin and hemoglobin-haptoglobin-binding protein 2 => putative hemoglobin and hemoglobin-haptoglobin-binding protein 2
[06:19:36] Modify product: Uncharacterized ABC transporter ATP-binding protein HI_0658 => putative ABC transporter ATP-binding protein
[06:19:37] Modify product: Probable FKBP-type peptidyl-prolyl cis-trans isomerase => putative FKBP-type peptidyl-prolyl cis-trans isomerase
[06:19:37] Modify product: Uncharacterized HTH-type transcriptional regulator YbbH => putative HTH-type transcriptional regulator YbbH
[06:19:37] Modify product: UPF0442 protein YjjB => hypothetical protein
[06:19:37] Modify product: UPF0053 protein HI_0107 => hypothetical protein
[06:19:37] Modify product: GTP cyclohydrolase 1 type 2 homolog => GTP cyclohydrolase 1 type 2 
[06:19:37] Modify product: Uncharacterized protein HI_0103 => putative protein
[06:19:37] Modify product: Uncharacterized metal-dependent hydrolase YjjV => putative metal-dependent hydrolase YjjV
[06:19:37] Modify product: Uncharacterized protein HI_0074 => putative protein
[06:19:37] Modify product: Uncharacterized protein HI_0073 => putative protein
[06:19:37] Modify product: UPF0053 inner membrane protein YgdQ => hypothetical protein
[06:19:37] Modify product: Uncharacterized zinc-type alcohol dehydrogenase-like protein YjmD => putative zinc-type alcohol dehydrogenase-like protein YjmD
[06:19:37] Modify product: Uncharacterized protein HI_0052 => putative protein
[06:19:37] Modify product: Uncharacterized oxidoreductase HI_0048 => putative oxidoreductase
[06:19:37] Modify product: Uncharacterized protein YtfJ => putative protein YtfJ
[06:19:37] Modify product: UPF0283 membrane protein YcjF => hypothetical protein
[06:19:37] Modify product: UPF0250 protein HI_0028 => hypothetical protein
[06:19:37] Modify product: UPF0126 inner membrane protein YicG => hypothetical protein
[06:19:37] Modify product: Uncharacterized HTH-type transcriptional regulator YbaQ => putative HTH-type transcriptional regulator YbaQ
[06:19:37] Modify product: Probable S-adenosyl-L-methionine-dependent methyltransferase TehB => putative S-adenosyl-L-methionine-dependent methyltransferase TehB
[06:19:37] Modify product: UPF0299 membrane protein YohJ => hypothetical protein
[06:19:37] Modify product: Uncharacterized protein HI_1349 => putative protein
[06:19:37] Modify product: Putative phosphatase HI_0003 => Putative phosphatase
[06:19:37] Modify product: UPF0231 protein YacL => hypothetical protein
[06:19:37] Modify product: Uncharacterized protein HI_1709 => putative protein
[06:19:37] Modify product: Probable protease SohB => putative protease SohB
[06:19:37] Modify product: UPF0319 protein HI_1681 => hypothetical protein
[06:19:37] Modify product: Uncharacterized protein HI_1672 => putative protein
[06:19:37] Modify product: Uncharacterized metal-dependent hydrolase YjjV => putative metal-dependent hydrolase YjjV
[06:19:37] Modify product: Uncharacterized protein YciH => putative protein YciH
[06:19:37] Modify product: Probable bacterial non-heme ferritin => putative bacterial non-heme ferritin
[06:19:37] Modify product: Probable bacterial non-heme ferritin => putative bacterial non-heme ferritin
[06:19:37] Modify product: Uncharacterized protein HI_1388.1 => putative protein.1
[06:19:37] Modify product: Uncharacterized protein HI_1410 => putative protein
[06:19:37] Modify product: UPF0339 protein NMB1088 => hypothetical protein
[06:19:37] Modify product: Universal stress protein E homolog => Universal stress protein E 
[06:19:37] Modify product: Uncharacterized protein HI_1427 => putative protein
[06:19:37] Modify product: Stringent starvation protein B homolog => Stringent starvation protein B 
[06:19:37] Modify product: Stringent starvation protein A homolog => Stringent starvation protein A 
[06:19:37] Modify product: UPF0263 protein HI_1450 => hypothetical protein
[06:19:37] Modify product: Uncharacterized protein HI_1453 => putative protein
[06:19:37] Modify product: RNA-binding protein HI_1333 => RNA-binding protein
[06:19:37] Modify product: TPR repeat-containing protein NMB0313 => TPR repeat-containing protein
[06:19:37] Modify product: Uncharacterized protein HI_1552 => putative protein
[06:19:37] Modify product: Putative 2-hydroxyacid dehydrogenase HI_1556 => Putative 2-hydroxyacid dehydrogenase
[06:19:37] Modify product: UPF0276 protein CCNA_03000 => hypothetical protein
[06:19:37] Modify product: UPF0111 protein HI_1603 => hypothetical protein
[06:19:37] Modify product: Uncharacterized protein HI_1624 => putative protein
[06:19:37] Modify product: Uncharacterized protein YcjX => putative protein YcjX
[06:19:37] Modify product: UPF0324 inner membrane protein YeiH => hypothetical protein
[06:19:37] Modify product: Probable TonB-dependent receptor HI_1217 => putative TonB-dependent receptor
[06:19:37] Modify product: Epimerase family protein SA0724 => Epimerase family protein
[06:19:37] Modify product: UPF0208 membrane protein YfbV => hypothetical protein
[06:19:37] Modify product: Uncharacterized protein YciO => putative protein YciO
[06:19:37] Modify product: Probable D,D-dipeptide transport ATP-binding protein DdpF => putative D,D-dipeptide transport ATP-binding protein DdpF
[06:19:37] Modify product: Uncharacterized protein HI_1457 => putative protein
[06:19:37] Modify product: UPF0265 protein HI_1168 => hypothetical protein
[06:19:37] Modify product: Uncharacterized protein HI_1163 => putative protein
[06:19:37] Modify product: Putative esterase HI_1161 => Putative esterase
[06:19:37] Modify product: Probable ABC transporter ATP-binding/permease protein HI_0664 => putative ABC transporter ATP-binding/permease protein
[06:19:37] Modify product: UPF0307 protein YjgA => hypothetical protein
[06:19:37] Modify product: Probable peptidoglycan glycosyltransferase FtsW => putative peptidoglycan glycosyltransferase FtsW
[06:19:37] Modify product: Uncharacterized protein HI_0461 => putative protein
[06:19:37] Modify product: Probable GTP-binding protein EngB => putative GTP-binding protein EngB
[06:19:37] Modify product: Uncharacterized protein HI_1082 => putative protein
[06:19:37] Modify product: Probable amino-acid ABC transporter-binding protein HI_1080 => putative amino-acid ABC transporter-binding protein
[06:19:37] Modify product: UPF0382 inner membrane protein YgdD => hypothetical protein
[06:19:37] Modify product: Uncharacterized ferredoxin-like protein YdhX => putative ferredoxin-like protein YdhX
[06:19:38] Modify product: Uncharacterized protein HI_1048 => putative protein
[06:19:38] Modify product: UPF0234 protein HI_1034 => hypothetical protein
[06:19:38] Modify product: Uncharacterized protein HI_1008 => putative protein
[06:19:38] Cleaned 144 /product names
[06:19:38] Deleting unwanted file: annotation/GCF_000767075.1.sprot.tmp.623.faa
[06:19:38] Deleting unwanted file: annotation/GCF_000767075.1.sprot.tmp.623.blast
[06:19:38] There are still 432 unannotated CDS left (started with 1738)
[06:19:38] Will use hmmer3 to search against /opt/conda/envs/PERL_env/db/hmm/HAMAP.hmm with 6 CPUs
[06:19:38] Running: cat annotation\/GCF_000767075\.1\.HAMAP\.hmm\.tmp\.623\.faa | parallel --gnu --plain -j 6 --block 9069 --recstart '>' --pipe hmmscan --noali --notextw --acc -E 1e-09 --cpu 1 /opt/conda/envs/PERL_env/db/hmm/HAMAP.hmm /dev/stdin > annotation\/GCF_000767075\.1\.HAMAP\.hmm\.tmp\.623\.hmmer3 2> /dev/null
[06:21:05] Deleting unwanted file: annotation/GCF_000767075.1.HAMAP.hmm.tmp.623.faa
[06:21:05] Deleting unwanted file: annotation/GCF_000767075.1.HAMAP.hmm.tmp.623.hmmer3
[06:21:05] There are still 388 unannotated CDS left (started with 1738)
[06:21:05] Will use hmmer3 to search against /opt/conda/envs/PERL_env/db/hmm/TIGRFAMs_15.hmm with 6 CPUs
[06:21:05] Running: cat annotation\/GCF_000767075\.1\.TIGRFAMs_15\.hmm\.tmp\.623\.faa | parallel --gnu --plain -j 6 --block 7859 --recstart '>' --pipe hmmscan --noali --notextw --acc -E 1e-09 --cpu 1 /opt/conda/envs/PERL_env/db/hmm/TIGRFAMs_15.hmm /dev/stdin > annotation\/GCF_000767075\.1\.TIGRFAMs_15\.hmm\.tmp\.623\.hmmer3 2> /dev/null
[06:25:20] Modify product: IV_pilin_GFxxxE: prepilin-type N-terminal cleavage/methylation domain => hypothetical protein
[06:25:20] Modify product: tonB_Cterm: TonB family C-terminal domain => hypothetical protein
[06:25:20] Modify product: TIGR00743: conserved hypothetical protein => hypothetical protein
[06:25:20] Modify product: HI0507: TIGR00645 family protein => HI0507: family protein
[06:25:20] Modify product: autotrans_barl: outer membrane autotransporter barrel domain => autotrans_barl: outer membrane autotransporter barrel domain protein
[06:25:20] Modify product: hyp_HI0040: TIGR01619 family protein => hyp_HI0040: family protein
[06:25:20] Modify product: adhes_NPXG: filamentous hemagglutinin family N-terminal domain => hypothetical protein
[06:25:20] Modify product: TIGR00252: TIGR00252 family protein => TIGR00252: family protein
[06:25:20] Modify product: ahpD_dom: alkylhydroperoxidase AhpD family core domain => ahpD_dom: alkylhydroperoxidase AhpD family core domain protein
[06:25:20] Modify product: adhes_NPXG: filamentous hemagglutinin family N-terminal domain => hypothetical protein
[06:25:20] Modify product: phge_rel_HI1409: phage-associated protein, HI1409 family => phge_rel_HI1409: phage-associated protein
[06:25:20] Cleaned 11 /product names
[06:25:20] Deleting unwanted file: annotation/GCF_000767075.1.TIGRFAMs_15.hmm.tmp.623.faa
[06:25:20] Deleting unwanted file: annotation/GCF_000767075.1.TIGRFAMs_15.hmm.tmp.623.hmmer3
[06:25:20] Labelling remaining 315 proteins as 'hypothetical protein'
[06:25:20] Possible /pseudo 'Anaerobic sulfatase-maturating enzyme' at NZ_CP009610.1 position 194530
[06:25:20] Possible /pseudo 'putative hemoglobin and hemoglobin-haptoglobin-binding protein 3' at NZ_CP009610.1 position 319218
[06:25:20] Possible /pseudo 'Exopolyphosphatase' at NZ_CP009610.1 position 344567
[06:25:20] Possible /pseudo 'Manganese transport system membrane protein MntB' at NZ_CP009610.1 position 708051
[06:25:20] Possible /pseudo 'putative protein' at NZ_CP009610.1 position 764837
[06:25:20] Possible /pseudo 'putative protein' at NZ_CP009610.1 position 765118
[06:25:20] Possible /pseudo 'putative protein' at NZ_CP009610.1 position 765398
[06:25:20] Possible /pseudo 'putative protein' at NZ_CP009610.1 position 1017962
[06:25:20] Possible /pseudo 'Formate dehydrogenase, nitrate-inducible, major subunit' at NZ_CP009610.1 position 1093062
[06:25:20] Possible /pseudo 'manA: mannose-6-phosphate isomerase, class I' at NZ_CP009610.1 position 1140193
[06:25:20] Possible /pseudo 'putative bacterial non-heme ferritin' at NZ_CP009610.1 position 1398858
[06:25:20] Found 1187 unique /gene codes.
[06:25:20] Fixed 2 duplicate /gene - mtr_1 mtr_2
[06:25:20] Fixed 2 duplicate /gene - lex1_1 lex1_2
[06:25:20] Fixed 2 duplicate /gene - tolQ_1 tolQ_2
[06:25:20] Fixed 2 duplicate /gene - uup_1 uup_2
[06:25:20] Fixed 2 duplicate /gene - rluA_1 rluA_2
[06:25:20] Fixed 2 duplicate /gene - menF_1 menF_2
[06:25:20] Fixed 2 duplicate /gene - yjjV_1 yjjV_2
[06:25:20] Fixed 2 duplicate /gene - ppx_1 ppx_2
[06:25:20] Fixed 2 duplicate /gene - mltC_1 mltC_2
[06:25:20] Fixed 2 duplicate /gene - ligA_1 ligA_2
[06:25:20] Fixed 2 duplicate /gene - cmk_1 cmk_2
[06:25:20] Fixed 2 duplicate /gene - glmS_1 glmS_2
[06:25:20] Fixed 2 duplicate /gene - atpH_1 atpH_2
[06:25:20] Fixed 2 duplicate /gene - rdgC_1 rdgC_2
[06:25:20] Fixed 2 duplicate /gene - ftsH_1 ftsH_2
[06:25:20] Fixed 2 duplicate /gene - cydD_1 cydD_2
[06:25:20] Fixed 2 duplicate /gene - ftnA_1 ftnA_2
[06:25:20] Fixed 2 duplicate /gene - gmhA_1 gmhA_2
[06:25:20] Fixed 2 duplicate /gene - mntB_1 mntB_2
[06:25:20] Fixed 2 duplicate /gene - clpP_1 clpP_2
[06:25:20] Fixed 2 duplicate /gene - bioD1_1 bioD1_2
[06:25:20] Fixed 2 duplicate /gene - metI_1 metI_2
[06:25:20] Fixed 2 duplicate /gene - opgE_1 opgE_2
[06:25:20] Fixed 3 duplicate /gene - btuD_1 btuD_2 btuD_3
[06:25:20] Fixed 2 duplicate /gene - dsbE_1 dsbE_2
[06:25:20] Fixed 2 duplicate /gene - crp_1 crp_2
[06:25:20] Fixed 2 duplicate /gene - ssb_1 ssb_2
[06:25:20] Fixed 2 duplicate /gene - arcB_1 arcB_2
[06:25:20] Fixed 3 duplicate /gene - napF_1 napF_2 napF_3
[06:25:20] Fixed 2 duplicate /gene - tyrP_1 tyrP_2
[06:25:20] Fixed 2 duplicate /gene - hisC_1 hisC_2
[06:25:20] Fixed 2 duplicate /gene - potD_1 potD_2
[06:25:20] Fixed 2 duplicate /gene - COQ5_1 COQ5_2
[06:25:20] Fixed 2 duplicate /gene - yhjE_1 yhjE_2
[06:25:20] Fixed 2 duplicate /gene - topA_1 topA_2
[06:25:20] Fixed 2 duplicate /gene - gpt_1 gpt_2
[06:25:20] Fixed 2 duplicate /gene - alsT_1 alsT_2
[06:25:20] Fixed 2 duplicate /gene - sapB_1 sapB_2
[06:25:20] Fixed 2 duplicate /gene - fdnG_1 fdnG_2
[06:25:20] Fixed 2 duplicate /gene - tufB_1 tufB_2
[06:25:20] Fixed 2 duplicate /gene - tolR_1 tolR_2
[06:25:20] Fixed 2 duplicate /gene - ccmF_1 ccmF_2
[06:25:20] Fixed 2 duplicate /gene - trpG_1 trpG_2
[06:25:20] Fixed 2 duplicate /gene - ruvB_1 ruvB_2
[06:25:20] Fixed 2 duplicate /gene - xerC_1 xerC_2
[06:25:20] Fixed 45 colliding /gene names.
[06:25:20] Adding /locus_tag identifiers
[06:25:21] Assigned 1817 locus_tags to CDS and RNA features.
[06:25:21] Writing outputs to annotation/
[06:25:22] Generating annotation statistics file
[06:25:22] Generating Genbank and Sequin files
[06:25:22] Running: tbl2asn -V b -a r10k -l paired-ends -M n -N 1 -y 'Annotated using prokka 1.14.6 from https://github.com/tseemann/prokka' -Z annotation\/GCF_000767075\.1\.err -i annotation\/GCF_000767075\.1\.fsa 2> /dev/null
[06:25:29] Deleting unwanted file: annotation/errorsummary.val
[06:25:29] Deleting unwanted file: annotation/GCF_000767075.1.dr
[06:25:29] Deleting unwanted file: annotation/GCF_000767075.1.fixedproducts
[06:25:29] Deleting unwanted file: annotation/GCF_000767075.1.ecn
[06:25:29] Deleting unwanted file: annotation/GCF_000767075.1.val
[06:25:29] Repairing broken .GBK output that tbl2asn produces...
[06:25:29] Running: sed 's/COORDINATES: profile/COORDINATES:profile/' < annotation\/GCF_000767075\.1\.gbf > annotation\/GCF_000767075\.1\.gbk
[06:25:29] Deleting unwanted file: annotation/GCF_000767075.1.gbf
[06:25:29] Output files:
[06:25:29] annotation/GCF_000767075.1.faa
[06:25:29] annotation/GCF_000767075.1.txt
[06:25:29] annotation/GCF_000767075.1.log
[06:25:29] annotation/GCF_000767075.1.fsa
[06:25:29] annotation/GCF_000767075.1.ffn
[06:25:29] annotation/GCF_000767075.1.sqn
[06:25:29] annotation/GCF_000767075.1.gff
[06:25:29] annotation/GCF_000767075.1.tsv
[06:25:29] annotation/GCF_000767075.1.err
[06:25:29] annotation/GCF_000767075.1.tbl
[06:25:29] annotation/GCF_000767075.1.fna
[06:25:29] annotation/GCF_000767075.1.gbk
[06:25:29] Annotation finished successfully.
[06:25:29] Walltime used: 14.12 minutes
[06:25:29] If you use this result please cite the Prokka paper:
[06:25:29] Seemann T (2014) Prokka: rapid prokaryotic genome annotation. Bioinformatics. 30(14):2068-9.
[06:25:29] Type 'prokka --citation' for more details.
[06:25:29] Share and enjoy!
