2022-01-21 06:33:46 INFO     Welcome to PhiSpy.py version 4.2.19
2022-01-21 06:33:46 INFO     Starting PhiSpy.py with the following arguments
Namespace(infile='GCF_000210875.1.gbk', output_dir='PhiSpy', make_training_data=None, training_set='data/trainSet_genericAll.txt', list=False, file_prefix='', evaluate=False, number=5, min_contig_size=5000, window_size=30, nonprophage_genegaps=10, phage_genes=1, metrics=['orf_length_med', 'shannon_slope', 'at_skew', 'gc_skew', 'max_direction'], randomforest_trees=500, expand_slope=False, kmers_type='all', phmms=None, include_annotations=True, ignore_annotations=False, color=True, threads=6, output_choice=127, include_all_repeats=False, keep_dropped_predictions=False, extra_dna=2000, min_repeat_len=10, log='PhiSpy/phispy.log', quiet=False, keep=False, logger=<Logger PhiSpy (Level 5)>)
2022-01-21 06:33:47 INFO     Processing 1 contigs
2022-01-21 06:33:47 INFO     Making Testing Set...
2022-01-21 06:33:54 INFO     Start Classification Algorithm...
2022-01-21 06:33:54 INFO     Using training set in data/trainSet_genericAll.txt
2022-01-21 06:33:56 INFO     Using the following metric(s): {'gc_skew', 'at_skew', 'orf_length_med', 'max_direction', 'shannon_slope'}.
2022-01-21 06:33:56 INFO     Running the random forest classifier with 500 trees and 6 threads
2022-01-21 06:41:38 INFO     Rank threshold calculated as 0.39773195876288675
2022-01-21 06:41:38 INFO     As the training flag is zero, down-weighting unknown functions
2022-01-21 06:41:38 INFO     Evaluating...
2022-01-21 06:41:38 INFO     Checking prophages we might have found
2022-01-21 06:41:38 INFO     Potential prophages (sorted highest to lowest)
2022-01-21 06:41:38 INFO     Contig	Start	Stop	Number of potential genes	Status
2022-01-21 06:41:38 INFO     NC_016809.1	358164	394047	45	Kept
2022-01-21 06:41:38 INFO     NC_016809.1	1648667	1668096	25	Kept
2022-01-21 06:41:38 INFO     NC_016809.1	572392	577028	5	Kept
2022-01-21 06:41:38 INFO     NC_016809.1	1784265	1791617	3	Dropped. Region too small (Not enough genes)
2022-01-21 06:41:38 INFO     NC_016809.1	948728	949238	2	Dropped. Region too small (Not enough genes)
2022-01-21 06:41:38 INFO     NC_016809.1	1885605	1887686	1	Dropped. Region too small (Not enough genes)
2022-01-21 06:41:38 INFO     NC_016809.1	1770996	1771631	1	Dropped. Region too small (Not enough genes)
2022-01-21 06:41:38 INFO     NC_016809.1	820894	821781	1	Dropped. Region too small (Not enough genes)
2022-01-21 06:41:38 INFO     NC_016809.1	562036	563262	1	Dropped. Region too small (Not enough genes)
2022-01-21 06:41:38 INFO     NC_016809.1	439009	439902	1	Dropped. Region too small (Not enough genes)
2022-01-21 06:41:38 INFO     NC_016809.1	402255	403049	1	Dropped. Region too small (Not enough genes)
2022-01-21 06:41:38 INFO     NC_016809.1	142824	143309	1	Dropped. Region too small (Not enough genes)
2022-01-21 06:41:38 INFO     PROPHAGE: 1 Contig: NC_016809.1 Start: 358164 Stop: 394047
2022-01-21 06:41:39 INFO     PROPHAGE: 2 Contig: NC_016809.1 Start: 572392 Stop: 577028
2022-01-21 06:41:39 INFO     PROPHAGE: 3 Contig: NC_016809.1 Start: 1648667 Stop: 1668096
2022-01-21 06:41:39 INFO     There were 3 repeats with the same length as the best. One chosen somewhat randomly!
2022-01-21 06:41:39 INFO     Creating output files
2022-01-21 06:41:39 INFO     Writing prophage.tbl output file
2022-01-21 06:41:39 INFO     Writing GFF3 output file
2022-01-21 06:41:39 INFO     Writing prophage.tsv output file
2022-01-21 06:41:39 INFO     Writing prophage_information.tsv output file
2022-01-21 06:41:39 INFO     Writing bacterial and phage DNA as fasta
2022-01-21 06:41:39 INFO     Writing GenBank output file
2022-01-21 06:41:39 INFO     Writing prophage_coordinates output file
2022-01-21 06:41:39 INFO     Done!!! Output is in PhiSpy and the log is in PhiSpy/phispy.log
