2022-01-21 06:31:33 INFO     Welcome to PhiSpy.py version 4.2.19
2022-01-21 06:31:33 INFO     Starting PhiSpy.py with the following arguments
Namespace(infile='GCF_000012185.1.gbk', output_dir='PhiSpy', make_training_data=None, training_set='data/trainSet_genericAll.txt', list=False, file_prefix='', evaluate=False, number=5, min_contig_size=5000, window_size=30, nonprophage_genegaps=10, phage_genes=1, metrics=['orf_length_med', 'shannon_slope', 'at_skew', 'gc_skew', 'max_direction'], randomforest_trees=500, expand_slope=False, kmers_type='all', phmms=None, include_annotations=True, ignore_annotations=False, color=True, threads=6, output_choice=127, include_all_repeats=False, keep_dropped_predictions=False, extra_dna=2000, min_repeat_len=10, log='PhiSpy/phispy.log', quiet=False, keep=False, logger=<Logger PhiSpy (Level 5)>)
2022-01-21 06:31:33 INFO     Processing 1 contigs
2022-01-21 06:31:33 INFO     Making Testing Set...
2022-01-21 06:31:39 INFO     Start Classification Algorithm...
2022-01-21 06:31:39 INFO     Using training set in data/trainSet_genericAll.txt
2022-01-21 06:31:42 INFO     Using the following metric(s): {'max_direction', 'orf_length_med', 'gc_skew', 'at_skew', 'shannon_slope'}.
2022-01-21 06:31:42 INFO     Running the random forest classifier with 500 trees and 6 threads
2022-01-21 06:38:37 INFO     Rank threshold calculated as 0.34582261208577003
2022-01-21 06:38:37 INFO     As the training flag is zero, down-weighting unknown functions
2022-01-21 06:38:37 INFO     Evaluating...
2022-01-21 06:38:37 INFO     Checking prophages we might have found
2022-01-21 06:38:37 INFO     Potential prophages (sorted highest to lowest)
2022-01-21 06:38:37 INFO     Contig	Start	Stop	Number of potential genes	Status
2022-01-21 06:38:37 INFO     NC_007146.2	1415412	1461891	66	Kept
2022-01-21 06:38:37 INFO     NC_007146.2	1710957	1728142	7	Kept
2022-01-21 06:38:37 INFO     NC_007146.2	1591380	1597529	3	Dropped. Region too small (Not enough genes)
2022-01-21 06:38:37 INFO     NC_007146.2	403545	412094	2	Dropped. Region too small (Not enough genes)
2022-01-21 06:38:37 INFO     NC_007146.2	1817717	1819798	1	Dropped. Region too small (Not enough genes)
2022-01-21 06:38:37 INFO     NC_007146.2	1408506	1409753	1	Dropped. Region too small (Not enough genes)
2022-01-21 06:38:37 INFO     NC_007146.2	750923	751810	1	Dropped. Region too small (Not enough genes)
2022-01-21 06:38:37 INFO     NC_007146.2	147881	148366	1	Dropped. Region too small (Not enough genes)
2022-01-21 06:38:37 INFO     PROPHAGE: 1 Contig: NC_007146.2 Start: 1415412 Stop: 1461891
2022-01-21 06:38:37 INFO     There were 3 repeats with the same length as the best. One chosen somewhat randomly!
2022-01-21 06:38:37 INFO     PROPHAGE: 2 Contig: NC_007146.2 Start: 1710957 Stop: 1728142
2022-01-21 06:38:38 INFO     Creating output files
2022-01-21 06:38:38 INFO     Writing prophage.tbl output file
2022-01-21 06:38:38 INFO     Writing GFF3 output file
2022-01-21 06:38:38 INFO     Writing prophage.tsv output file
2022-01-21 06:38:38 INFO     Writing prophage_information.tsv output file
2022-01-21 06:38:38 INFO     Writing bacterial and phage DNA as fasta
2022-01-21 06:38:38 INFO     Writing GenBank output file
2022-01-21 06:38:39 INFO     Writing prophage_coordinates output file
2022-01-21 06:38:39 INFO     Done!!! Output is in PhiSpy and the log is in PhiSpy/phispy.log
