2022-01-21 06:25:02 INFO     Welcome to PhiSpy.py version 4.2.19
2022-01-21 06:25:02 INFO     Starting PhiSpy.py with the following arguments
Namespace(infile='GCF_000165575.1.gbk', output_dir='PhiSpy', make_training_data=None, training_set='data/trainSet_genericAll.txt', list=False, file_prefix='', evaluate=False, number=5, min_contig_size=5000, window_size=30, nonprophage_genegaps=10, phage_genes=1, metrics=['orf_length_med', 'shannon_slope', 'at_skew', 'gc_skew', 'max_direction'], randomforest_trees=500, expand_slope=False, kmers_type='all', phmms=None, include_annotations=True, ignore_annotations=False, color=True, threads=6, output_choice=127, include_all_repeats=False, keep_dropped_predictions=False, extra_dna=2000, min_repeat_len=10, log='PhiSpy/phispy.log', quiet=False, keep=False, logger=<Logger PhiSpy (Level 5)>)
2022-01-21 06:25:03 INFO     Processing 1 contigs
2022-01-21 06:25:03 INFO     Making Testing Set...
2022-01-21 06:25:10 INFO     Start Classification Algorithm...
2022-01-21 06:25:10 INFO     Using training set in data/trainSet_genericAll.txt
2022-01-21 06:25:13 INFO     Using the following metric(s): {'at_skew', 'orf_length_med', 'max_direction', 'gc_skew', 'shannon_slope'}.
2022-01-21 06:25:13 INFO     Running the random forest classifier with 500 trees and 6 threads
2022-01-21 06:32:31 INFO     Rank threshold calculated as 0.38252952380952393
2022-01-21 06:32:32 INFO     As the training flag is zero, down-weighting unknown functions
2022-01-21 06:32:32 INFO     Evaluating...
2022-01-21 06:32:32 INFO     Checking prophages we might have found
2022-01-21 06:32:32 INFO     Potential prophages (sorted highest to lowest)
2022-01-21 06:32:32 INFO     Contig	Start	Stop	Number of potential genes	Status
2022-01-21 06:32:32 INFO     NC_017452.1	1720040	1720927	1	Dropped. Region too small (Not enough genes)
2022-01-21 06:32:32 INFO     NC_017452.1	1612240	1612863	1	Dropped. Region too small (Not enough genes)
2022-01-21 06:32:32 INFO     NC_017452.1	1463978	1464286	1	Dropped. Region too small (Not enough genes)
2022-01-21 06:32:32 INFO     NC_017452.1	955111	956025	1	Dropped. Region too small (Not enough genes)
2022-01-21 06:32:32 INFO     NC_017452.1	748722	750803	1	Dropped. Region too small (Not enough genes)
2022-01-21 06:32:32 INFO     NC_017452.1	335921	337207	1	Dropped. Region too small (Not enough genes)
2022-01-21 06:32:32 INFO     NC_017452.1	262905	263798	1	Dropped. Region too small (Not enough genes)
2022-01-21 06:32:32 INFO     Creating output files
2022-01-21 06:32:32 INFO     Writing prophage.tbl output file
2022-01-21 06:32:32 INFO     Writing GFF3 output file
2022-01-21 06:32:32 INFO     Writing prophage.tsv output file
2022-01-21 06:32:32 INFO     Writing prophage_information.tsv output file
2022-01-21 06:32:32 INFO     Writing bacterial and phage DNA as fasta
2022-01-21 06:32:32 INFO     Writing GenBank output file
2022-01-21 06:32:32 INFO     Writing prophage_coordinates output file
2022-01-21 06:32:32 INFO     Done!!! Output is in PhiSpy and the log is in PhiSpy/phispy.log
